<?xml version="1.0" encoding="UTF-8"?>
<testsuite xmlns:xsi="http://www.w3.org/2001/XMLSchema-instance" xsi:noNamespaceSchemaLocation="https://maven.apache.org/surefire/maven-surefire-plugin/xsd/surefire-test-report-3.0.xsd" version="3.0" name="prodavnica_komponenti_projekat.TestService" time="0.576" tests="1" errors="0" skipped="0" failures="0">
  <properties>
[...]
</properties>
  <testcase name="testAssertions" classname="prodavnica_komponenti_projekat.TestService" time="0.573">
    <system-out><![CDATA[Hibernate: 
    select
        musterija0_.id_musterija as id_muste1_0_,
        musterija0_.adresa as adresa2_0_,
        musterija0_.ime as ime3_0_,
        musterija0_.prezime as prezime4_0_,
        musterija0_.telefon as telefon5_0_,
        musterija0_.username as username6_0_ 
    from
        musterija musterija0_
U bazi ima postojecih musterija
Hibernate: 
    select
        proizvod0_.id_proizvod as id_proiz1_4_,
        proizvod0_.cena as cena2_4_,
        proizvod0_.kolicina as kolicina3_4_,
        proizvod0_.naziv as naziv4_4_,
        proizvod0_.serijski_broj as serijski5_4_,
        proizvod0_.slika as slika6_4_,
        proizvod0_.tip_komponente as tip_komp7_4_ 
    from
        proizvod proizvod0_
U bazi ima unesenih proizvoda
Hibernate: 
    select
        proizvod0_.id_proizvod as id_proiz1_4_0_,
        proizvod0_.cena as cena2_4_0_,
        proizvod0_.kolicina as kolicina3_4_0_,
        proizvod0_.naziv as naziv4_4_0_,
        proizvod0_.serijski_broj as serijski5_4_0_,
        proizvod0_.slika as slika6_4_0_,
        proizvod0_.tip_komponente as tip_komp7_4_0_ 
    from
        proizvod proizvod0_ 
    where
        proizvod0_.id_proizvod=?
Proizvod pronadjen u test3
Hibernate: 
    select
        musterija0_.id_musterija as id_muste1_0_0_,
        musterija0_.adresa as adresa2_0_0_,
        musterija0_.ime as ime3_0_0_,
        musterija0_.prezime as prezime4_0_0_,
        musterija0_.telefon as telefon5_0_0_,
        musterija0_.username as username6_0_0_ 
    from
        musterija musterija0_ 
    where
        musterija0_.id_musterija=?
Pronadjen je trazeni musterija
Kraj testService!
]]></system-out>
    <system-err><![CDATA[Jan 14, 2024 9:07:28 PM org.hibernate.service.jdbc.connections.internal.DriverManagerConnectionProviderImpl configure
INFO: HHH000402: Using Hibernate built-in connection pool (not for production use!)
Jan 14, 2024 9:07:28 PM org.hibernate.service.jdbc.connections.internal.DriverManagerConnectionProviderImpl configure
INFO: HHH000115: Hibernate connection pool size: 20
Jan 14, 2024 9:07:28 PM org.hibernate.service.jdbc.connections.internal.DriverManagerConnectionProviderImpl configure
INFO: HHH000006: Autocommit mode: true
Jan 14, 2024 9:07:28 PM org.hibernate.service.jdbc.connections.internal.DriverManagerConnectionProviderImpl configure
INFO: HHH000401: using driver [com.mysql.jdbc.Driver] at URL [jdbc:mysql://localhost:3306/prodavnica_komponenti_projekat]
Jan 14, 2024 9:07:28 PM org.hibernate.service.jdbc.connections.internal.DriverManagerConnectionProviderImpl configure
INFO: HHH000046: Connection properties: {user=root, password=****, autocommit=true, release_mode=auto}
Sun Jan 14 21:07:28 CET 2024 WARN: Establishing SSL connection without server's identity verification is not recommended. According to MySQL 5.5.45+, 5.6.26+ and 5.7.6+ requirements SSL connection must be established by default if explicit option isn't set. For compliance with existing applications not using SSL the verifyServerCertificate property is set to 'false'. You need either to explicitly disable SSL by setting useSSL=false, or set useSSL=true and provide truststore for server certificate verification.
Jan 14, 2024 9:07:28 PM org.hibernate.dialect.Dialect <init>
INFO: HHH000400: Using dialect: org.hibernate.dialect.MySQL5Dialect
Jan 14, 2024 9:07:28 PM org.hibernate.engine.transaction.internal.TransactionFactoryInitiator initiateService
INFO: HHH000268: Transaction strategy: org.hibernate.engine.transaction.internal.jdbc.JdbcTransactionFactory
Jan 14, 2024 9:07:28 PM org.hibernate.hql.internal.ast.ASTQueryTranslatorFactory <init>
INFO: HHH000397: Using ASTQueryTranslatorFactory
Jan 14, 2024 9:07:28 PM org.hibernate.ejb.internal.EntityManagerFactoryRegistry addEntityManagerFactory
WARN: HHH000436: Entity manager factory name (ProdavnicaPU) is already registered.  If entity manager will be clustered or passivated, specify a unique value for property 'hibernate.ejb.entitymanager_factory_name'
Jan 14, 2024 9:07:28 PM org.hibernate.service.jdbc.connections.internal.DriverManagerConnectionProviderImpl configure
INFO: HHH000402: Using Hibernate built-in connection pool (not for production use!)
Jan 14, 2024 9:07:28 PM org.hibernate.service.jdbc.connections.internal.DriverManagerConnectionProviderImpl configure
INFO: HHH000115: Hibernate connection pool size: 20
Jan 14, 2024 9:07:28 PM org.hibernate.service.jdbc.connections.internal.DriverManagerConnectionProviderImpl configure
INFO: HHH000006: Autocommit mode: true
Jan 14, 2024 9:07:28 PM org.hibernate.service.jdbc.connections.internal.DriverManagerConnectionProviderImpl configure
INFO: HHH000401: using driver [com.mysql.jdbc.Driver] at URL [jdbc:mysql://localhost:3306/prodavnica_komponenti_projekat]
Jan 14, 2024 9:07:28 PM org.hibernate.service.jdbc.connections.internal.DriverManagerConnectionProviderImpl configure
INFO: HHH000046: Connection properties: {user=root, password=****, autocommit=true, release_mode=auto}
Sun Jan 14 21:07:28 CET 2024 WARN: Establishing SSL connection without server's identity verification is not recommended. According to MySQL 5.5.45+, 5.6.26+ and 5.7.6+ requirements SSL connection must be established by default if explicit option isn't set. For compliance with existing applications not using SSL the verifyServerCertificate property is set to 'false'. You need either to explicitly disable SSL by setting useSSL=false, or set useSSL=true and provide truststore for server certificate verification.
Jan 14, 2024 9:07:28 PM org.hibernate.dialect.Dialect <init>
INFO: HHH000400: Using dialect: org.hibernate.dialect.MySQL5Dialect
Jan 14, 2024 9:07:28 PM org.hibernate.engine.transaction.internal.TransactionFactoryInitiator initiateService
INFO: HHH000268: Transaction strategy: org.hibernate.engine.transaction.internal.jdbc.JdbcTransactionFactory
Jan 14, 2024 9:07:28 PM org.hibernate.hql.internal.ast.ASTQueryTranslatorFactory <init>
INFO: HHH000397: Using ASTQueryTranslatorFactory
Jan 14, 2024 9:07:28 PM org.hibernate.ejb.internal.EntityManagerFactoryRegistry addEntityManagerFactory
WARN: HHH000436: Entity manager factory name (ProdavnicaPU) is already registered.  If entity manager will be clustered or passivated, specify a unique value for property 'hibernate.ejb.entitymanager_factory_name'
Jan 14, 2024 9:07:28 PM org.hibernate.service.jdbc.connections.internal.DriverManagerConnectionProviderImpl configure
INFO: HHH000402: Using Hibernate built-in connection pool (not for production use!)
Jan 14, 2024 9:07:28 PM org.hibernate.service.jdbc.connections.internal.DriverManagerConnectionProviderImpl configure
INFO: HHH000115: Hibernate connection pool size: 20
Jan 14, 2024 9:07:28 PM org.hibernate.service.jdbc.connections.internal.DriverManagerConnectionProviderImpl configure
INFO: HHH000006: Autocommit mode: true
Jan 14, 2024 9:07:28 PM org.hibernate.service.jdbc.connections.internal.DriverManagerConnectionProviderImpl configure
INFO: HHH000401: using driver [com.mysql.jdbc.Driver] at URL [jdbc:mysql://localhost:3306/prodavnica_komponenti_projekat]
Jan 14, 2024 9:07:28 PM org.hibernate.service.jdbc.connections.internal.DriverManagerConnectionProviderImpl configure
INFO: HHH000046: Connection properties: {user=root, password=****, autocommit=true, release_mode=auto}
Sun Jan 14 21:07:28 CET 2024 WARN: Establishing SSL connection without server's identity verification is not recommended. According to MySQL 5.5.45+, 5.6.26+ and 5.7.6+ requirements SSL connection must be established by default if explicit option isn't set. For compliance with existing applications not using SSL the verifyServerCertificate property is set to 'false'. You need either to explicitly disable SSL by setting useSSL=false, or set useSSL=true and provide truststore for server certificate verification.
Jan 14, 2024 9:07:28 PM org.hibernate.dialect.Dialect <init>
INFO: HHH000400: Using dialect: org.hibernate.dialect.MySQL5Dialect
Jan 14, 2024 9:07:28 PM org.hibernate.engine.transaction.internal.TransactionFactoryInitiator initiateService
INFO: HHH000268: Transaction strategy: org.hibernate.engine.transaction.internal.jdbc.JdbcTransactionFactory
Jan 14, 2024 9:07:28 PM org.hibernate.hql.internal.ast.ASTQueryTranslatorFactory <init>
INFO: HHH000397: Using ASTQueryTranslatorFactory
Jan 14, 2024 9:07:29 PM org.hibernate.ejb.internal.EntityManagerFactoryRegistry addEntityManagerFactory
WARN: HHH000436: Entity manager factory name (ProdavnicaPU) is already registered.  If entity manager will be clustered or passivated, specify a unique value for property 'hibernate.ejb.entitymanager_factory_name'
Jan 14, 2024 9:07:29 PM org.hibernate.service.jdbc.connections.internal.DriverManagerConnectionProviderImpl configure
INFO: HHH000402: Using Hibernate built-in connection pool (not for production use!)
Jan 14, 2024 9:07:29 PM org.hibernate.service.jdbc.connections.internal.DriverManagerConnectionProviderImpl configure
INFO: HHH000115: Hibernate connection pool size: 20
Jan 14, 2024 9:07:29 PM org.hibernate.service.jdbc.connections.internal.DriverManagerConnectionProviderImpl configure
INFO: HHH000006: Autocommit mode: true
Jan 14, 2024 9:07:29 PM org.hibernate.service.jdbc.connections.internal.DriverManagerConnectionProviderImpl configure
INFO: HHH000401: using driver [com.mysql.jdbc.Driver] at URL [jdbc:mysql://localhost:3306/prodavnica_komponenti_projekat]
Jan 14, 2024 9:07:29 PM org.hibernate.service.jdbc.connections.internal.DriverManagerConnectionProviderImpl configure
INFO: HHH000046: Connection properties: {user=root, password=****, autocommit=true, release_mode=auto}
Sun Jan 14 21:07:29 CET 2024 WARN: Establishing SSL connection without server's identity verification is not recommended. According to MySQL 5.5.45+, 5.6.26+ and 5.7.6+ requirements SSL connection must be established by default if explicit option isn't set. For compliance with existing applications not using SSL the verifyServerCertificate property is set to 'false'. You need either to explicitly disable SSL by setting useSSL=false, or set useSSL=true and provide truststore for server certificate verification.
Jan 14, 2024 9:07:29 PM org.hibernate.dialect.Dialect <init>
INFO: HHH000400: Using dialect: org.hibernate.dialect.MySQL5Dialect
Jan 14, 2024 9:07:29 PM org.hibernate.engine.transaction.internal.TransactionFactoryInitiator initiateService
INFO: HHH000268: Transaction strategy: org.hibernate.engine.transaction.internal.jdbc.JdbcTransactionFactory
Jan 14, 2024 9:07:29 PM org.hibernate.hql.internal.ast.ASTQueryTranslatorFactory <init>
INFO: HHH000397: Using ASTQueryTranslatorFactory
Jan 14, 2024 9:07:29 PM org.hibernate.ejb.internal.EntityManagerFactoryRegistry addEntityManagerFactory
WARN: HHH000436: Entity manager factory name (ProdavnicaPU) is already registered.  If entity manager will be clustered or passivated, specify a unique value for property 'hibernate.ejb.entitymanager_factory_name'
]]></system-err>
  </testcase>
</testsuite>